\BOOKMARK [1][-]{section.1}{\376\377\000A\000b\000s\000t\000r\000a\000c\000t}{}% 1
\BOOKMARK [1][-]{section.2}{\376\377\000P\000r\000o\000b\000l\000e\000m\000\040\000D\000e\000f\000i\000n\000i\000t\000i\000o\000n}{}% 2
\BOOKMARK [2][-]{subsection.2.1}{\376\377\000T\000h\000e\000\040\000C\000o\000r\000e\000\040\000C\000h\000a\000l\000l\000e\000n\000g\000e\000:\000\040\000S\000e\000m\000a\000n\000t\000i\000c\000\040\000M\000u\000s\000i\000c\000\040\000D\000i\000s\000c\000o\000v\000e\000r\000y\000\040\000f\000o\000r\000\040\000H\000i\000n\000d\000i\000\040\000C\000o\000n\000t\000e\000n\000t}{section.2}% 3
\BOOKMARK [2][-]{subsection.2.2}{\376\377\000F\000o\000r\000m\000a\000l\000\040\000P\000r\000o\000b\000l\000e\000m\000\040\000S\000t\000a\000t\000e\000m\000e\000n\000t}{section.2}% 4
\BOOKMARK [2][-]{subsection.2.3}{\376\377\000W\000h\000y\000\040\000S\000e\000m\000a\000n\000t\000i\000c\000\040\000S\000e\000a\000r\000c\000h\000\040\000S\000o\000l\000v\000e\000s\000\040\000t\000h\000e\000\040\000P\000r\000o\000b\000l\000e\000m}{section.2}% 5
\BOOKMARK [1][-]{section.3}{\376\377\000S\000o\000l\000u\000t\000i\000o\000n\000\040\000A\000p\000p\000r\000o\000a\000c\000h}{}% 6
\BOOKMARK [2][-]{subsection.3.1}{\376\377\000M\000e\000t\000h\000o\000d\000o\000l\000o\000g\000y\000\040\000O\000v\000e\000r\000v\000i\000e\000w}{section.3}% 7
\BOOKMARK [2][-]{subsection.3.2}{\376\377\000M\000a\000t\000h\000e\000m\000a\000t\000i\000c\000a\000l\000\040\000F\000o\000u\000n\000d\000a\000t\000i\000o\000n\000s}{section.3}% 8
\BOOKMARK [3][-]{subsubsection.3.2.1}{\376\377\000S\000e\000n\000t\000e\000n\000c\000e\000\040\000E\000m\000b\000e\000d\000d\000i\000n\000g\000s}{subsection.3.2}% 9
\BOOKMARK [3][-]{subsubsection.3.2.2}{\376\377\000C\000o\000s\000i\000n\000e\000\040\000S\000i\000m\000i\000l\000a\000r\000i\000t\000y}{subsection.3.2}% 10
\BOOKMARK [3][-]{subsubsection.3.2.3}{\376\377\000A\000p\000p\000r\000o\000x\000i\000m\000a\000t\000e\000\040\000N\000e\000a\000r\000e\000s\000t\000\040\000N\000e\000i\000g\000h\000b\000o\000r\000\040\000S\000e\000a\000r\000c\000h}{subsection.3.2}% 11
\BOOKMARK [2][-]{subsection.3.3}{\376\377\000Q\000u\000e\000r\000y\000\040\000A\000u\000g\000m\000e\000n\000t\000a\000t\000i\000o\000n\000\040\000S\000t\000r\000a\000t\000e\000g\000y}{section.3}% 12
\BOOKMARK [2][-]{subsection.3.4}{\376\377\000R\000A\000G\000\040\000\050\000R\000e\000t\000r\000i\000e\000v\000a\000l\000-\000A\000u\000g\000m\000e\000n\000t\000e\000d\000\040\000G\000e\000n\000e\000r\000a\000t\000i\000o\000n\000\051\000\040\000A\000r\000c\000h\000i\000t\000e\000c\000t\000u\000r\000e}{section.3}% 13
\BOOKMARK [2][-]{subsection.3.5}{\376\377\000W\000h\000y\000\040\000T\000h\000i\000s\000\040\000A\000r\000c\000h\000i\000t\000e\000c\000t\000u\000r\000e\000?}{section.3}% 14
\BOOKMARK [1][-]{section.4}{\376\377\000A\000l\000g\000o\000r\000i\000t\000h\000m\000\040\000A\000n\000a\000l\000y\000s\000i\000s}{}% 15
\BOOKMARK [2][-]{subsection.4.1}{\376\377\000T\000i\000m\000e\000\040\000C\000o\000m\000p\000l\000e\000x\000i\000t\000y}{section.4}% 16
\BOOKMARK [2][-]{subsection.4.2}{\376\377\000S\000p\000a\000c\000e\000\040\000R\000e\000q\000u\000i\000r\000e\000m\000e\000n\000t\000s}{section.4}% 17
\BOOKMARK [1][-]{section.5}{\376\377\000I\000n\000t\000r\000o\000d\000u\000c\000t\000i\000o\000n\000\040\000\046\000\040\000P\000r\000o\000b\000l\000e\000m\000\040\000S\000t\000a\000t\000e\000m\000e\000n\000t}{}% 18
\BOOKMARK [2][-]{subsection.5.1}{\376\377\000B\000a\000c\000k\000g\000r\000o\000u\000n\000d}{section.5}% 19
\BOOKMARK [2][-]{subsection.5.2}{\376\377\000O\000b\000j\000e\000c\000t\000i\000v\000e\000s}{section.5}% 20
\BOOKMARK [1][-]{section.6}{\376\377\000S\000y\000s\000t\000e\000m\000\040\000A\000r\000c\000h\000i\000t\000e\000c\000t\000u\000r\000e}{}% 21
\BOOKMARK [2][-]{subsection.6.1}{\376\377\000H\000i\000g\000h\000-\000L\000e\000v\000e\000l\000\040\000O\000v\000e\000r\000v\000i\000e\000w}{section.6}% 22
\BOOKMARK [2][-]{subsection.6.2}{\376\377\000C\000o\000m\000p\000o\000n\000e\000n\000t\000\040\000I\000n\000t\000e\000r\000a\000c\000t\000i\000o\000n\000\040\000F\000l\000o\000w}{section.6}% 23
\BOOKMARK [1][-]{section.7}{\376\377\000T\000e\000c\000h\000n\000o\000l\000o\000g\000y\000\040\000S\000t\000a\000c\000k\000\040\000\046\000\040\000D\000e\000p\000e\000n\000d\000e\000n\000c\000i\000e\000s}{}% 24
\BOOKMARK [2][-]{subsection.7.1}{\376\377\000C\000o\000r\000e\000\040\000D\000e\000p\000e\000n\000d\000e\000n\000c\000i\000e\000s}{section.7}% 25
\BOOKMARK [2][-]{subsection.7.2}{\376\377\000F\000r\000o\000n\000t\000e\000n\000d\000\040\000S\000t\000a\000c\000k}{section.7}% 26
\BOOKMARK [1][-]{section.8}{\376\377\000D\000a\000t\000a\000s\000e\000t\000s\000\040\000\046\000\040\000M\000o\000d\000e\000l\000s}{}% 27
\BOOKMARK [2][-]{subsection.8.1}{\376\377\000H\000i\000n\000d\000i\000\040\000C\000o\000n\000t\000e\000n\000t\000\040\000D\000a\000t\000a\000s\000e\000t}{section.8}% 28
\BOOKMARK [2][-]{subsection.8.2}{\376\377\000E\000n\000g\000l\000i\000s\000h\000\040\000L\000y\000r\000i\000c\000s\000\040\000D\000a\000t\000a\000s\000e\000t\000s}{section.8}% 29
\BOOKMARK [2][-]{subsection.8.3}{\376\377\000E\000m\000b\000e\000d\000d\000i\000n\000g\000\040\000M\000o\000d\000e\000l}{section.8}% 30
\BOOKMARK [2][-]{subsection.8.4}{\376\377\000R\000A\000G\000\040\000L\000a\000n\000g\000u\000a\000g\000e\000\040\000M\000o\000d\000e\000l}{section.8}% 31
\BOOKMARK [1][-]{section.9}{\376\377\000E\000n\000v\000i\000r\000o\000n\000m\000e\000n\000t\000\040\000C\000o\000n\000f\000i\000g\000u\000r\000a\000t\000i\000o\000n}{}% 32
\BOOKMARK [1][-]{section.10}{\376\377\000I\000m\000p\000l\000e\000m\000e\000n\000t\000a\000t\000i\000o\000n\000\040\000D\000e\000t\000a\000i\000l\000s}{}% 33
\BOOKMARK [2][-]{subsection.10.1}{\376\377\000C\000o\000n\000f\000i\000g\000u\000r\000a\000t\000i\000o\000n\000\040\000M\000a\000n\000a\000g\000e\000m\000e\000n\000t}{section.10}% 34
\BOOKMARK [2][-]{subsection.10.2}{\376\377\000S\000c\000r\000i\000p\000t\000\040\000D\000e\000t\000e\000c\000t\000i\000o\000n\000\040\000\046\000\040\000T\000r\000a\000n\000s\000l\000i\000t\000e\000r\000a\000t\000i\000o\000n}{section.10}% 35
\BOOKMARK [2][-]{subsection.10.3}{\376\377\000T\000r\000a\000n\000s\000l\000i\000t\000e\000r\000a\000t\000i\000o\000n\000\040\000F\000u\000n\000c\000t\000i\000o\000n\000s}{section.10}% 36
\BOOKMARK [2][-]{subsection.10.4}{\376\377\000D\000a\000t\000a\000s\000e\000t\000\040\000L\000o\000a\000d\000i\000n\000g\000\040\000\046\000\040\000C\000h\000u\000n\000k\000i\000n\000g}{section.10}% 37
\BOOKMARK [2][-]{subsection.10.5}{\376\377\000E\000m\000b\000e\000d\000d\000i\000n\000g\000\040\000G\000e\000n\000e\000r\000a\000t\000i\000o\000n}{section.10}% 38
\BOOKMARK [2][-]{subsection.10.6}{\376\377\000F\000A\000I\000S\000S\000\040\000V\000e\000c\000t\000o\000r\000\040\000S\000t\000o\000r\000e}{section.10}% 39
\BOOKMARK [2][-]{subsection.10.7}{\376\377\000Q\000u\000e\000r\000y\000\040\000P\000r\000e\000p\000a\000r\000a\000t\000i\000o\000n}{section.10}% 40
\BOOKMARK [2][-]{subsection.10.8}{\376\377\000S\000i\000m\000i\000l\000a\000r\000i\000t\000y\000\040\000S\000e\000a\000r\000c\000h\000\040\000\046\000\040\000D\000e\000d\000u\000p\000l\000i\000c\000a\000t\000i\000o\000n}{section.10}% 41
\BOOKMARK [1][-]{section.11}{\376\377\000R\000A\000G\000\040\000\050\000R\000e\000t\000r\000i\000e\000v\000a\000l\000-\000A\000u\000g\000m\000e\000n\000t\000e\000d\000\040\000G\000e\000n\000e\000r\000a\000t\000i\000o\000n\000\051\000\040\000S\000y\000s\000t\000e\000m}{}% 42
\BOOKMARK [2][-]{subsection.11.1}{\376\377\000R\000A\000G\000\040\000E\000n\000g\000i\000n\000e\000\040\000A\000r\000c\000h\000i\000t\000e\000c\000t\000u\000r\000e}{section.11}% 43
\BOOKMARK [2][-]{subsection.11.2}{\376\377\000H\000u\000g\000g\000i\000n\000g\000F\000a\000c\000e\000\040\000L\000L\000M\000\040\000W\000r\000a\000p\000p\000e\000r}{section.11}% 44
\BOOKMARK [2][-]{subsection.11.3}{\376\377\000C\000o\000n\000v\000e\000r\000s\000a\000t\000i\000o\000n\000\040\000M\000e\000m\000o\000r\000y\000\040\000M\000a\000n\000a\000g\000e\000m\000e\000n\000t}{section.11}% 45
\BOOKMARK [2][-]{subsection.11.4}{\376\377\000R\000A\000G\000\040\000M\000o\000d\000e\000s}{section.11}% 46
\BOOKMARK [1][-]{section.12}{\376\377\000F\000a\000s\000t\000A\000P\000I\000\040\000B\000a\000c\000k\000e\000n\000d}{}% 47
\BOOKMARK [2][-]{subsection.12.1}{\376\377\000A\000P\000I\000\040\000S\000t\000r\000u\000c\000t\000u\000r\000e}{section.12}% 48
\BOOKMARK [2][-]{subsection.12.2}{\376\377\000R\000e\000q\000u\000e\000s\000t\000/\000R\000e\000s\000p\000o\000n\000s\000e\000\040\000M\000o\000d\000e\000l\000s}{section.12}% 49
\BOOKMARK [2][-]{subsection.12.3}{\376\377\000C\000o\000r\000e\000\040\000E\000n\000d\000p\000o\000i\000n\000t\000s}{section.12}% 50
\BOOKMARK [2][-]{subsection.12.4}{\376\377\000C\000h\000a\000t\000\040\000M\000e\000m\000o\000r\000y\000\040\000E\000n\000d\000p\000o\000i\000n\000t\000s}{section.12}% 51
\BOOKMARK [1][-]{section.13}{\376\377\000R\000e\000a\000c\000t\000\040\000F\000r\000o\000n\000t\000e\000n\000d}{}% 52
\BOOKMARK [2][-]{subsection.13.1}{\376\377\000C\000o\000m\000p\000o\000n\000e\000n\000t\000\040\000S\000t\000r\000u\000c\000t\000u\000r\000e}{section.13}% 53
\BOOKMARK [2][-]{subsection.13.2}{\376\377\000R\000e\000s\000u\000l\000t\000\040\000C\000a\000r\000d\000\040\000C\000o\000m\000p\000o\000n\000e\000n\000t}{section.13}% 54
\BOOKMARK [2][-]{subsection.13.3}{\376\377\000S\000e\000a\000r\000c\000h\000\040\000H\000a\000n\000d\000l\000e\000r}{section.13}% 55
\BOOKMARK [1][-]{section.14}{\376\377\000S\000i\000m\000u\000l\000a\000t\000e\000d\000\040\000T\000e\000r\000m\000i\000n\000a\000l\000\040\000O\000u\000t\000p\000u\000t\000s}{}% 56
\BOOKMARK [2][-]{subsection.14.1}{\376\377\000C\000L\000I\000\040\000S\000e\000a\000r\000c\000h\000\040\000E\000x\000a\000m\000p\000l\000e}{section.14}% 57
\BOOKMARK [2][-]{subsection.14.2}{\376\377\000A\000P\000I\000\040\000S\000e\000r\000v\000e\000r\000\040\000S\000t\000a\000r\000t\000u\000p}{section.14}% 58
\BOOKMARK [2][-]{subsection.14.3}{\376\377\000S\000e\000a\000r\000c\000h\000\040\000A\000P\000I\000\040\000R\000e\000s\000p\000o\000n\000s\000e}{section.14}% 59
\BOOKMARK [2][-]{subsection.14.4}{\376\377\000R\000A\000G\000\040\000C\000h\000a\000t\000\040\000M\000o\000d\000e}{section.14}% 60
\BOOKMARK [1][-]{section.15}{\376\377\000U\000s\000e\000r\000\040\000I\000n\000t\000e\000r\000f\000a\000c\000e}{}% 61
\BOOKMARK [2][-]{subsection.15.1}{\376\377\000U\000I\000\040\000F\000e\000a\000t\000u\000r\000e\000s}{section.15}% 62
\BOOKMARK [1][-]{section.16}{\376\377\000D\000e\000p\000l\000o\000y\000m\000e\000n\000t\000\040\000\046\000\040\000S\000e\000t\000u\000p}{}% 63
\BOOKMARK [2][-]{subsection.16.1}{\376\377\000I\000n\000s\000t\000a\000l\000l\000a\000t\000i\000o\000n\000\040\000S\000t\000e\000p\000s}{section.16}% 64
\BOOKMARK [2][-]{subsection.16.2}{\376\377\000R\000u\000n\000n\000i\000n\000g\000\040\000t\000h\000e\000\040\000A\000p\000p\000l\000i\000c\000a\000t\000i\000o\000n}{section.16}% 65
\BOOKMARK [2][-]{subsection.16.3}{\376\377\000P\000r\000o\000d\000u\000c\000t\000i\000o\000n\000\040\000B\000u\000i\000l\000d}{section.16}% 66
\BOOKMARK [2][-]{subsection.16.4}{\376\377\000W\000e\000a\000v\000i\000a\000t\000e\000\040\000S\000e\000t\000u\000p\000\040\000\050\000O\000p\000t\000i\000o\000n\000a\000l\000\051}{section.16}% 67
\BOOKMARK [1][-]{section.17}{\376\377\000T\000e\000s\000t\000i\000n\000g\000\040\000\046\000\040\000V\000a\000l\000i\000d\000a\000t\000i\000o\000n}{}% 68
\BOOKMARK [2][-]{subsection.17.1}{\376\377\000A\000P\000I\000\040\000H\000e\000a\000l\000t\000h\000\040\000C\000h\000e\000c\000k}{section.17}% 69
\BOOKMARK [2][-]{subsection.17.2}{\376\377\000S\000e\000a\000r\000c\000h\000\040\000V\000a\000l\000i\000d\000a\000t\000i\000o\000n}{section.17}% 70
\BOOKMARK [2][-]{subsection.17.3}{\376\377\000R\000A\000G\000\040\000M\000o\000d\000e\000\040\000T\000e\000s\000t\000i\000n\000g}{section.17}% 71
\BOOKMARK [1][-]{section.18}{\376\377\000A\000l\000g\000o\000r\000i\000t\000h\000m\000\040\000A\000n\000a\000l\000y\000s\000i\000s}{}% 72
\BOOKMARK [2][-]{subsection.18.1}{\376\377\000C\000o\000s\000i\000n\000e\000\040\000S\000i\000m\000i\000l\000a\000r\000i\000t\000y}{section.18}% 73
\BOOKMARK [2][-]{subsection.18.2}{\376\377\000T\000i\000m\000e\000\040\000C\000o\000m\000p\000l\000e\000x\000i\000t\000y}{section.18}% 74
\BOOKMARK [2][-]{subsection.18.3}{\376\377\000S\000p\000a\000c\000e\000\040\000C\000o\000m\000p\000l\000e\000x\000i\000t\000y}{section.18}% 75
\BOOKMARK [1][-]{section.19}{\376\377\000P\000e\000r\000f\000o\000r\000m\000a\000n\000c\000e\000\040\000M\000e\000t\000r\000i\000c\000s}{}% 76
\BOOKMARK [1][-]{section.20}{\376\377\000F\000u\000t\000u\000r\000e\000\040\000E\000n\000h\000a\000n\000c\000e\000m\000e\000n\000t\000s}{}% 77
\BOOKMARK [1][-]{section.21}{\376\377\000C\000o\000n\000c\000l\000u\000s\000i\000o\000n}{}% 78
\BOOKMARK [1][-]{appendix.A}{\376\377\000A\000P\000I\000\040\000R\000e\000f\000e\000r\000e\000n\000c\000e\000\040\000S\000u\000m\000m\000a\000r\000y}{}% 79
\BOOKMARK [1][-]{appendix.B}{\376\377\000P\000r\000o\000j\000e\000c\000t\000\040\000F\000i\000l\000e\000\040\000S\000t\000r\000u\000c\000t\000u\000r\000e}{}% 80
